2022-12-06 20:44:05,400 INFO o.a.j.u.JMeterUtils: Setting Locale to en
2022-12-06 20:44:05,426 INFO o.a.j.JMeter: Loading system properties from: system.properties
2022-12-06 20:44:05,435 INFO o.a.j.JMeter: Copyright (c) 1998-2021 The Apache Software Foundation
2022-12-06 20:44:05,435 INFO o.a.j.JMeter: Version 5.4.1
2022-12-06 20:44:05,435 INFO o.a.j.JMeter: java.version=11.0.17
2022-12-06 20:44:05,435 INFO o.a.j.JMeter: java.vm.name=OpenJDK 64-Bit Server VM
2022-12-06 20:44:05,435 INFO o.a.j.JMeter: os.name=Mac OS X
2022-12-06 20:44:05,435 INFO o.a.j.JMeter: os.arch=x86_64
2022-12-06 20:44:05,435 INFO o.a.j.JMeter: os.version=12.6
2022-12-06 20:44:05,435 INFO o.a.j.JMeter: file.encoding=UTF-8
2022-12-06 20:44:05,436 INFO o.a.j.JMeter: java.awt.headless=null
2022-12-06 20:44:05,436 INFO o.a.j.JMeter: Max memory     =6442450944
2022-12-06 20:44:05,436 INFO o.a.j.JMeter: Available Processors =12
2022-12-06 20:44:05,447 INFO o.a.j.JMeter: Default Locale=中文 (简体，中国)
2022-12-06 20:44:05,448 INFO o.a.j.JMeter: JMeter  Locale=英语
2022-12-06 20:44:05,448 INFO o.a.j.JMeter: JMeterHome=/Users/yeshan333/reproduce_demo/target/55123e3c-0a16-44eb-b68e-a0cc44002e02/jmeter
2022-12-06 20:44:05,448 INFO o.a.j.JMeter: user.dir  =/Users/yeshan333/reproduce_demo/target/55123e3c-0a16-44eb-b68e-a0cc44002e02/jmeter/bin
2022-12-06 20:44:05,449 INFO o.a.j.JMeter: PWD       =/Users/yeshan333/reproduce_demo/target/55123e3c-0a16-44eb-b68e-a0cc44002e02/jmeter/bin
2022-12-06 20:44:05,450 INFO o.a.j.JMeter: IP: 127.0.0.1 Name: B-Q15UMD6R-2241.local FullName: localhost
2022-12-06 20:44:06,127 INFO o.a.j.JMeter: Setting LAF to: laf:com.apple.laf.AquaLookAndFeel
2022-12-06 20:44:07,703 INFO o.a.j.JMeter: Loaded icon properties from org/apache/jmeter/images/icon.properties
2022-12-06 20:44:09,834 INFO o.a.j.JMeter: Loading file: /Users/yeshan333/reproduce_demo/src/test/jmeter/Chinese_Plan.jmx
2022-12-06 20:44:09,836 INFO o.a.j.s.FileServer: Default base='/Users/yeshan333/reproduce_demo/target/55123e3c-0a16-44eb-b68e-a0cc44002e02/jmeter/bin'
2022-12-06 20:44:09,837 INFO o.a.j.s.FileServer: Set new base='/Users/yeshan333/reproduce_demo/src/test/jmeter'
2022-12-06 20:44:10,105 INFO o.a.j.s.SaveService: Testplan (JMX) version: 2.2. Testlog (JTL) version: 2.2
2022-12-06 20:44:10,121 INFO o.a.j.s.SaveService: Using SaveService properties version 5.0
2022-12-06 20:44:10,123 INFO o.a.j.s.SaveService: Using SaveService properties file encoding UTF-8
2022-12-06 20:44:10,124 INFO o.a.j.s.SaveService: Loading file: /Users/yeshan333/reproduce_demo/src/test/jmeter/Chinese_Plan.jmx
2022-12-06 20:44:10,145 INFO o.a.j.p.h.s.HTTPSamplerBase: Parser for text/html is org.apache.jmeter.protocol.http.parser.LagartoBasedHtmlParser
2022-12-06 20:44:10,145 INFO o.a.j.p.h.s.HTTPSamplerBase: Parser for application/xhtml+xml is org.apache.jmeter.protocol.http.parser.LagartoBasedHtmlParser
2022-12-06 20:44:10,145 INFO o.a.j.p.h.s.HTTPSamplerBase: Parser for application/xml is org.apache.jmeter.protocol.http.parser.LagartoBasedHtmlParser
2022-12-06 20:44:10,145 INFO o.a.j.p.h.s.HTTPSamplerBase: Parser for text/xml is org.apache.jmeter.protocol.http.parser.LagartoBasedHtmlParser
2022-12-06 20:44:10,145 INFO o.a.j.p.h.s.HTTPSamplerBase: Parser for text/vnd.wap.wml is org.apache.jmeter.protocol.http.parser.RegexpHTMLParser
2022-12-06 20:44:10,145 INFO o.a.j.p.h.s.HTTPSamplerBase: Parser for text/css is org.apache.jmeter.protocol.http.parser.CssParser
2022-12-06 20:44:10,152 INFO o.a.j.s.FileServer: Set new base='/Users/yeshan333/reproduce_demo/src/test/jmeter'
